#! /c/Source/iverilog-install/bin/vvp
:ivl_version "12.0 (devel)" "(s20150603-1539-g2693dd32b)";
:ivl_delay_selection "TYPICAL";
:vpi_time_precision - 12;
:vpi_module "C:\iverilog\lib\ivl\system.vpi";
:vpi_module "C:\iverilog\lib\ivl\vhdl_sys.vpi";
:vpi_module "C:\iverilog\lib\ivl\vhdl_textio.vpi";
:vpi_module "C:\iverilog\lib\ivl\v2005_math.vpi";
:vpi_module "C:\iverilog\lib\ivl\va_math.vpi";
:vpi_module "C:\iverilog\lib\ivl\v2009.vpi";
S_000002acdb5e4cd0 .scope package, "$unit" "$unit" 2 1;
 .timescale 0 0;
S_000002acdb5f7fa0 .scope module, "tb_sr04_controller" "tb_sr04_controller" 3 18;
 .timescale -9 -12;
P_000002acdb6067e0 .param/l "CLK_PERIOD_NS" 1 3 24, +C4<00000000000000000000000000001010>;
P_000002acdb606818 .param/l "CLK_PER_US" 1 3 25, +C4<00000000000000000000000001100100>;
v000002acdb5e4210_0 .var "iClk", 0 0;
v000002acdb5e4530_0 .var "iEcho", 0 0;
v000002acdb5e48f0_0 .var "iRst", 0 0;
v000002acdb65c210_0 .var "iStart", 0 0;
v000002acdb65b6d0_0 .var "iTickUs", 0 0;
v000002acdb65af50_0 .net "oDistanceCm", 9 0, v000002acdb5e4ad0_0;  1 drivers
v000002acdb65b770_0 .net "oDistanceValid", 0 0, v000002acdb5e4c10_0;  1 drivers
v000002acdb65bc70_0 .net "oTrig", 0 0, v000002acdb5e45d0_0;  1 drivers
v000002acdb65b130_0 .var "rTickDiv", 7 0;
E_000002acdb5dd390 .event anyedge, v000002acdb5e4c10_0;
E_000002acdb5dd890 .event anyedge, v000002acdb5e45d0_0;
S_000002acdb5f8130 .scope module, "dut" "sr04_controller" 3 42, 4 21 0, S_000002acdb5f7fa0;
 .timescale -9 -12;
    .port_info 0 /INPUT 1 "iClk";
    .port_info 1 /INPUT 1 "iRst";
    .port_info 2 /INPUT 1 "iTickUs";
    .port_info 3 /INPUT 1 "iEcho";
    .port_info 4 /INPUT 1 "iStart";
    .port_info 5 /OUTPUT 1 "oTrig";
    .port_info 6 /OUTPUT 10 "oDistanceCm";
    .port_info 7 /OUTPUT 1 "oDistanceValid";
P_000002acdb5b2d20 .param/l "DONE" 1 4 43, C4<100>;
P_000002acdb5b2d58 .param/l "IDLE" 1 4 39, C4<000>;
P_000002acdb5b2d90 .param/l "MEASURE" 1 4 42, C4<011>;
P_000002acdb5b2dc8 .param/l "MEASURE_TIMEOUT_US" 0 4 24, +C4<00000000000000000111010100110000>;
P_000002acdb5b2e00 .param/l "START" 1 4 40, C4<001>;
P_000002acdb5b2e38 .param/l "TRIG_US" 0 4 22, +C4<00000000000000000000000000001010>;
P_000002acdb5b2e70 .param/l "US_PER_CM" 1 4 36, +C4<00000000000000000000000000111010>;
P_000002acdb5b2ea8 .param/l "WAIT_ECHO" 1 4 41, C4<010>;
P_000002acdb5b2ee0 .param/l "WAIT_ECHO_TIMEOUT_US" 0 4 23, +C4<00000000000000000111010100110000>;
v000002acdb5e3ef0_0 .net "iClk", 0 0, v000002acdb5e4210_0;  1 drivers
v000002acdb5e3d10_0 .net "iEcho", 0 0, v000002acdb5e4530_0;  1 drivers
v000002acdb5e42b0_0 .net "iRst", 0 0, v000002acdb5e48f0_0;  1 drivers
v000002acdb5e4b70_0 .net "iStart", 0 0, v000002acdb65c210_0;  1 drivers
v000002acdb5e4a30_0 .net "iTickUs", 0 0, v000002acdb65b6d0_0;  1 drivers
v000002acdb5e4ad0_0 .var "oDistanceCm", 9 0;
v000002acdb5e4c10_0 .var "oDistanceValid", 0 0;
v000002acdb5e45d0_0 .var "oTrig", 0 0;
v000002acdb5e3e50_0 .var "rCnt58us", 5 0;
v000002acdb5e4350_0 .var "rCurState", 2 0;
v000002acdb5e47b0_0 .var "rDist", 9 0;
v000002acdb5e3f90_0 .var "rEchoSync1", 0 0;
v000002acdb5e3db0_0 .var "rEchoSync2", 0 0;
v000002acdb5e4710_0 .var "rEchoUsCnt", 31 0;
v000002acdb5e43f0_0 .var "rNxtState", 2 0;
v000002acdb5e4030_0 .var "rStepUsCnt", 31 0;
v000002acdb5e4490_0 .var "rTrigCnt", 31 0;
E_000002acdb5dd550 .event posedge, v000002acdb5e42b0_0, v000002acdb5e3ef0_0;
E_000002acdb5ddb10/0 .event anyedge, v000002acdb5e4350_0, v000002acdb5e4b70_0, v000002acdb5e4490_0, v000002acdb5e3db0_0;
E_000002acdb5ddb10/1 .event anyedge, v000002acdb5e4030_0;
E_000002acdb5ddb10 .event/or E_000002acdb5ddb10/0, E_000002acdb5ddb10/1;
S_000002acdb5b2f20 .scope task, "pulse_start_req" "pulse_start_req" 3 82, 3 82 0, S_000002acdb5f7fa0;
 .timescale -9 -12;
E_000002acdb5dd6d0 .event posedge, v000002acdb5e3ef0_0;
TD_tb_sr04_controller.pulse_start_req ;
    %wait E_000002acdb5dd6d0;
    %pushi/vec4 1, 0, 1;
    %assign/vec4 v000002acdb65c210_0, 0;
    %wait E_000002acdb5dd6d0;
    %pushi/vec4 0, 0, 1;
    %assign/vec4 v000002acdb65c210_0, 0;
    %end;
S_000002acdb607980 .scope task, "send_echo_high_us" "send_echo_high_us" 3 91, 3 91 0, S_000002acdb5f7fa0;
 .timescale -9 -12;
v000002acdb5e4850_0 .var/i "n_us", 31 0;
E_000002acdb5dcdd0 .event negedge, v000002acdb5e3ef0_0;
TD_tb_sr04_controller.send_echo_high_us ;
    %wait E_000002acdb5dcdd0;
    %pushi/vec4 1, 0, 1;
    %store/vec4 v000002acdb5e4530_0, 0, 1;
    %load/vec4 v000002acdb5e4850_0;
    %store/vec4 v000002acdb5e40d0_0, 0, 32;
    %fork TD_tb_sr04_controller.wait_us, S_000002acdb607b10;
    %join;
    %wait E_000002acdb5dcdd0;
    %pushi/vec4 0, 0, 1;
    %store/vec4 v000002acdb5e4530_0, 0, 1;
    %end;
S_000002acdb607b10 .scope task, "wait_us" "wait_us" 3 72, 3 72 0, S_000002acdb5f7fa0;
 .timescale -9 -12;
v000002acdb5e4670_0 .var/i "k", 31 0;
v000002acdb5e40d0_0 .var/i "n_us", 31 0;
TD_tb_sr04_controller.wait_us ;
    %pushi/vec4 0, 0, 32;
    %store/vec4 v000002acdb5e4670_0, 0, 32;
T_2.0 ;
    %load/vec4 v000002acdb5e4670_0;
    %load/vec4 v000002acdb5e40d0_0;
    %cmp/s;
    %jmp/0xz T_2.1, 5;
    %wait E_000002acdb5dd6d0;
T_2.2 ;
    %load/vec4 v000002acdb65b6d0_0;
    %cmpi/ne 1, 0, 1;
    %jmp/0xz T_2.3, 6;
    %wait E_000002acdb5dd6d0;
    %jmp T_2.2;
T_2.3 ;
    %load/vec4 v000002acdb5e4670_0;
    %addi 1, 0, 32;
    %store/vec4 v000002acdb5e4670_0, 0, 32;
    %jmp T_2.0;
T_2.1 ;
    %end;
    .scope S_000002acdb5f8130;
T_3 ;
    %wait E_000002acdb5dd550;
    %load/vec4 v000002acdb5e42b0_0;
    %flag_set/vec4 8;
    %jmp/0xz  T_3.0, 8;
    %pushi/vec4 0, 0, 1;
    %assign/vec4 v000002acdb5e3f90_0, 0;
    %pushi/vec4 0, 0, 1;
    %assign/vec4 v000002acdb5e3db0_0, 0;
    %jmp T_3.1;
T_3.0 ;
    %load/vec4 v000002acdb5e3d10_0;
    %assign/vec4 v000002acdb5e3f90_0, 0;
    %load/vec4 v000002acdb5e3f90_0;
    %assign/vec4 v000002acdb5e3db0_0, 0;
T_3.1 ;
    %jmp T_3;
    .thread T_3;
    .scope S_000002acdb5f8130;
T_4 ;
    %wait E_000002acdb5ddb10;
    %load/vec4 v000002acdb5e4350_0;
    %store/vec4 v000002acdb5e43f0_0, 0, 3;
    %load/vec4 v000002acdb5e4350_0;
    %dup/vec4;
    %pushi/vec4 0, 0, 3;
    %cmp/u;
    %jmp/1 T_4.0, 6;
    %dup/vec4;
    %pushi/vec4 1, 0, 3;
    %cmp/u;
    %jmp/1 T_4.1, 6;
    %dup/vec4;
    %pushi/vec4 2, 0, 3;
    %cmp/u;
    %jmp/1 T_4.2, 6;
    %dup/vec4;
    %pushi/vec4 3, 0, 3;
    %cmp/u;
    %jmp/1 T_4.3, 6;
    %dup/vec4;
    %pushi/vec4 4, 0, 3;
    %cmp/u;
    %jmp/1 T_4.4, 6;
    %pushi/vec4 0, 0, 3;
    %store/vec4 v000002acdb5e43f0_0, 0, 3;
    %jmp T_4.6;
T_4.0 ;
    %load/vec4 v000002acdb5e4b70_0;
    %flag_set/vec4 8;
    %jmp/0xz  T_4.7, 8;
    %pushi/vec4 1, 0, 3;
    %store/vec4 v000002acdb5e43f0_0, 0, 3;
    %jmp T_4.8;
T_4.7 ;
    %pushi/vec4 0, 0, 3;
    %store/vec4 v000002acdb5e43f0_0, 0, 3;
T_4.8 ;
    %jmp T_4.6;
T_4.1 ;
    %load/vec4 v000002acdb5e4490_0;
    %cmpi/u 9, 0, 32;
    %flag_inv 5; GE is !LT
    %jmp/0xz  T_4.9, 5;
    %pushi/vec4 2, 0, 3;
    %store/vec4 v000002acdb5e43f0_0, 0, 3;
    %jmp T_4.10;
T_4.9 ;
    %pushi/vec4 1, 0, 3;
    %store/vec4 v000002acdb5e43f0_0, 0, 3;
T_4.10 ;
    %jmp T_4.6;
T_4.2 ;
    %load/vec4 v000002acdb5e3db0_0;
    %flag_set/vec4 8;
    %jmp/0xz  T_4.11, 8;
    %pushi/vec4 3, 0, 3;
    %store/vec4 v000002acdb5e43f0_0, 0, 3;
    %jmp T_4.12;
T_4.11 ;
    %load/vec4 v000002acdb5e4030_0;
    %cmpi/u 30000, 0, 32;
    %flag_inv 5; GE is !LT
    %jmp/0xz  T_4.13, 5;
    %pushi/vec4 0, 0, 3;
    %store/vec4 v000002acdb5e43f0_0, 0, 3;
    %jmp T_4.14;
T_4.13 ;
    %pushi/vec4 2, 0, 3;
    %store/vec4 v000002acdb5e43f0_0, 0, 3;
T_4.14 ;
T_4.12 ;
    %jmp T_4.6;
T_4.3 ;
    %load/vec4 v000002acdb5e3db0_0;
    %nor/r;
    %flag_set/vec4 8;
    %jmp/0xz  T_4.15, 8;
    %pushi/vec4 4, 0, 3;
    %store/vec4 v000002acdb5e43f0_0, 0, 3;
    %jmp T_4.16;
T_4.15 ;
    %load/vec4 v000002acdb5e4030_0;
    %cmpi/u 30000, 0, 32;
    %flag_inv 5; GE is !LT
    %jmp/0xz  T_4.17, 5;
    %pushi/vec4 0, 0, 3;
    %store/vec4 v000002acdb5e43f0_0, 0, 3;
    %jmp T_4.18;
T_4.17 ;
    %pushi/vec4 3, 0, 3;
    %store/vec4 v000002acdb5e43f0_0, 0, 3;
T_4.18 ;
T_4.16 ;
    %jmp T_4.6;
T_4.4 ;
    %pushi/vec4 0, 0, 3;
    %store/vec4 v000002acdb5e43f0_0, 0, 3;
    %jmp T_4.6;
T_4.6 ;
    %pop/vec4 1;
    %jmp T_4;
    .thread T_4, $push;
    .scope S_000002acdb5f8130;
T_5 ;
    %wait E_000002acdb5dd550;
    %load/vec4 v000002acdb5e42b0_0;
    %flag_set/vec4 8;
    %jmp/0xz  T_5.0, 8;
    %pushi/vec4 0, 0, 3;
    %assign/vec4 v000002acdb5e4350_0, 0;
    %jmp T_5.1;
T_5.0 ;
    %load/vec4 v000002acdb5e43f0_0;
    %assign/vec4 v000002acdb5e4350_0, 0;
T_5.1 ;
    %jmp T_5;
    .thread T_5;
    .scope S_000002acdb5f8130;
T_6 ;
    %wait E_000002acdb5dd550;
    %load/vec4 v000002acdb5e42b0_0;
    %flag_set/vec4 8;
    %jmp/0xz  T_6.0, 8;
    %pushi/vec4 0, 0, 32;
    %assign/vec4 v000002acdb5e4490_0, 0;
    %pushi/vec4 0, 0, 32;
    %assign/vec4 v000002acdb5e4030_0, 0;
    %pushi/vec4 0, 0, 32;
    %assign/vec4 v000002acdb5e4710_0, 0;
    %pushi/vec4 0, 0, 6;
    %assign/vec4 v000002acdb5e3e50_0, 0;
    %pushi/vec4 0, 0, 10;
    %assign/vec4 v000002acdb5e47b0_0, 0;
    %pushi/vec4 0, 0, 1;
    %assign/vec4 v000002acdb5e45d0_0, 0;
    %pushi/vec4 0, 0, 10;
    %assign/vec4 v000002acdb5e4ad0_0, 0;
    %pushi/vec4 0, 0, 1;
    %assign/vec4 v000002acdb5e4c10_0, 0;
    %jmp T_6.1;
T_6.0 ;
    %load/vec4 v000002acdb5e4350_0;
    %dup/vec4;
    %pushi/vec4 0, 0, 3;
    %cmp/u;
    %jmp/1 T_6.2, 6;
    %dup/vec4;
    %pushi/vec4 1, 0, 3;
    %cmp/u;
    %jmp/1 T_6.3, 6;
    %dup/vec4;
    %pushi/vec4 2, 0, 3;
    %cmp/u;
    %jmp/1 T_6.4, 6;
    %dup/vec4;
    %pushi/vec4 3, 0, 3;
    %cmp/u;
    %jmp/1 T_6.5, 6;
    %dup/vec4;
    %pushi/vec4 4, 0, 3;
    %cmp/u;
    %jmp/1 T_6.6, 6;
    %pushi/vec4 0, 0, 1;
    %assign/vec4 v000002acdb5e45d0_0, 0;
    %jmp T_6.8;
T_6.2 ;
    %pushi/vec4 0, 0, 1;
    %assign/vec4 v000002acdb5e45d0_0, 0;
    %pushi/vec4 0, 0, 32;
    %assign/vec4 v000002acdb5e4030_0, 0;
    %load/vec4 v000002acdb5e43f0_0;
    %cmpi/e 1, 0, 3;
    %jmp/0xz  T_6.9, 4;
    %pushi/vec4 0, 0, 32;
    %assign/vec4 v000002acdb5e4490_0, 0;
    %pushi/vec4 0, 0, 1;
    %assign/vec4 v000002acdb5e4c10_0, 0;
T_6.9 ;
    %jmp T_6.8;
T_6.3 ;
    %pushi/vec4 1, 0, 1;
    %assign/vec4 v000002acdb5e45d0_0, 0;
    %pushi/vec4 0, 0, 32;
    %assign/vec4 v000002acdb5e4030_0, 0;
    %load/vec4 v000002acdb5e43f0_0;
    %cmpi/e 2, 0, 3;
    %jmp/0xz  T_6.11, 4;
    %pushi/vec4 0, 0, 1;
    %assign/vec4 v000002acdb5e45d0_0, 0;
    %pushi/vec4 0, 0, 32;
    %assign/vec4 v000002acdb5e4030_0, 0;
    %pushi/vec4 0, 0, 32;
    %assign/vec4 v000002acdb5e4710_0, 0;
    %pushi/vec4 0, 0, 6;
    %assign/vec4 v000002acdb5e3e50_0, 0;
    %pushi/vec4 0, 0, 10;
    %assign/vec4 v000002acdb5e47b0_0, 0;
    %jmp T_6.12;
T_6.11 ;
    %load/vec4 v000002acdb5e4a30_0;
    %flag_set/vec4 8;
    %jmp/0xz  T_6.13, 8;
    %load/vec4 v000002acdb5e4490_0;
    %addi 1, 0, 32;
    %assign/vec4 v000002acdb5e4490_0, 0;
T_6.13 ;
T_6.12 ;
    %jmp T_6.8;
T_6.4 ;
    %pushi/vec4 0, 0, 1;
    %assign/vec4 v000002acdb5e45d0_0, 0;
    %load/vec4 v000002acdb5e43f0_0;
    %cmpi/e 3, 0, 3;
    %jmp/0xz  T_6.15, 4;
    %pushi/vec4 0, 0, 32;
    %assign/vec4 v000002acdb5e4030_0, 0;
    %pushi/vec4 0, 0, 32;
    %assign/vec4 v000002acdb5e4710_0, 0;
    %pushi/vec4 0, 0, 6;
    %assign/vec4 v000002acdb5e3e50_0, 0;
    %pushi/vec4 0, 0, 10;
    %assign/vec4 v000002acdb5e47b0_0, 0;
    %jmp T_6.16;
T_6.15 ;
    %load/vec4 v000002acdb5e43f0_0;
    %cmpi/e 2, 0, 3;
    %flag_get/vec4 4;
    %jmp/0 T_6.19, 4;
    %load/vec4 v000002acdb5e4a30_0;
    %and;
T_6.19;
    %flag_set/vec4 8;
    %jmp/0xz  T_6.17, 8;
    %load/vec4 v000002acdb5e4030_0;
    %addi 1, 0, 32;
    %assign/vec4 v000002acdb5e4030_0, 0;
T_6.17 ;
T_6.16 ;
    %jmp T_6.8;
T_6.5 ;
    %pushi/vec4 0, 0, 1;
    %assign/vec4 v000002acdb5e45d0_0, 0;
    %load/vec4 v000002acdb5e43f0_0;
    %cmpi/e 3, 0, 3;
    %flag_get/vec4 4;
    %jmp/0 T_6.23, 4;
    %load/vec4 v000002acdb5e3db0_0;
    %and;
T_6.23;
    %flag_set/vec4 9;
    %flag_get/vec4 9;
    %jmp/0 T_6.22, 9;
    %load/vec4 v000002acdb5e4a30_0;
    %and;
T_6.22;
    %flag_set/vec4 8;
    %jmp/0xz  T_6.20, 8;
    %load/vec4 v000002acdb5e4030_0;
    %addi 1, 0, 32;
    %assign/vec4 v000002acdb5e4030_0, 0;
    %load/vec4 v000002acdb5e4710_0;
    %addi 1, 0, 32;
    %assign/vec4 v000002acdb5e4710_0, 0;
    %load/vec4 v000002acdb5e3e50_0;
    %pad/u 32;
    %cmpi/e 57, 0, 32;
    %jmp/0xz  T_6.24, 4;
    %pushi/vec4 0, 0, 6;
    %assign/vec4 v000002acdb5e3e50_0, 0;
    %load/vec4 v000002acdb5e47b0_0;
    %addi 1, 0, 10;
    %assign/vec4 v000002acdb5e47b0_0, 0;
    %jmp T_6.25;
T_6.24 ;
    %load/vec4 v000002acdb5e3e50_0;
    %addi 1, 0, 6;
    %assign/vec4 v000002acdb5e3e50_0, 0;
T_6.25 ;
T_6.20 ;
    %jmp T_6.8;
T_6.6 ;
    %pushi/vec4 0, 0, 1;
    %assign/vec4 v000002acdb5e45d0_0, 0;
    %load/vec4 v000002acdb5e4710_0;
    %cmpi/u 0, 0, 32;
    %flag_or 5, 4; GT is !LE
    %flag_inv 5;
    %jmp/0xz  T_6.26, 5;
    %load/vec4 v000002acdb5e47b0_0;
    %assign/vec4 v000002acdb5e4ad0_0, 0;
    %pushi/vec4 1, 0, 1;
    %assign/vec4 v000002acdb5e4c10_0, 0;
T_6.26 ;
    %jmp T_6.8;
T_6.8 ;
    %pop/vec4 1;
T_6.1 ;
    %jmp T_6;
    .thread T_6;
    .scope S_000002acdb5f7fa0;
T_7 ;
    %vpi_call/w 3 20 "$dumpfile", "tb_sr04_controller.vcd" {0 0 0};
    %vpi_call/w 3 21 "$dumpvars", 32'sb00000000000000000000000000000000, S_000002acdb5f7fa0 {0 0 0};
    %end;
    .thread T_7;
    .scope S_000002acdb5f7fa0;
T_8 ;
    %delay 5000, 0;
    %load/vec4 v000002acdb5e4210_0;
    %inv;
    %store/vec4 v000002acdb5e4210_0, 0, 1;
    %jmp T_8;
    .thread T_8;
    .scope S_000002acdb5f7fa0;
T_9 ;
    %wait E_000002acdb5dd550;
    %load/vec4 v000002acdb5e48f0_0;
    %flag_set/vec4 8;
    %jmp/0xz  T_9.0, 8;
    %pushi/vec4 0, 0, 8;
    %assign/vec4 v000002acdb65b130_0, 0;
    %pushi/vec4 0, 0, 1;
    %assign/vec4 v000002acdb65b6d0_0, 0;
    %jmp T_9.1;
T_9.0 ;
    %load/vec4 v000002acdb65b130_0;
    %pad/u 32;
    %cmpi/e 99, 0, 32;
    %jmp/0xz  T_9.2, 4;
    %pushi/vec4 0, 0, 8;
    %assign/vec4 v000002acdb65b130_0, 0;
    %pushi/vec4 1, 0, 1;
    %assign/vec4 v000002acdb65b6d0_0, 0;
    %jmp T_9.3;
T_9.2 ;
    %load/vec4 v000002acdb65b130_0;
    %addi 1, 0, 8;
    %assign/vec4 v000002acdb65b130_0, 0;
    %pushi/vec4 0, 0, 1;
    %assign/vec4 v000002acdb65b6d0_0, 0;
T_9.3 ;
T_9.1 ;
    %jmp T_9;
    .thread T_9;
    .scope S_000002acdb5f7fa0;
T_10 ;
    %pushi/vec4 0, 0, 1;
    %store/vec4 v000002acdb5e4210_0, 0, 1;
    %pushi/vec4 1, 0, 1;
    %store/vec4 v000002acdb5e48f0_0, 0, 1;
    %pushi/vec4 0, 0, 1;
    %store/vec4 v000002acdb5e4530_0, 0, 1;
    %pushi/vec4 0, 0, 1;
    %store/vec4 v000002acdb65c210_0, 0, 1;
    %pushi/vec4 0, 0, 1;
    %store/vec4 v000002acdb65b6d0_0, 0, 1;
    %pushi/vec4 0, 0, 8;
    %store/vec4 v000002acdb65b130_0, 0, 8;
    %pushi/vec4 5, 0, 32;
T_10.0 %dup/vec4;
    %pushi/vec4 0, 0, 32;
    %cmp/s;
    %jmp/1xz T_10.1, 5;
    %jmp/1 T_10.1, 4;
    %pushi/vec4 1, 0, 32;
    %sub;
    %wait E_000002acdb5dd6d0;
    %jmp T_10.0;
T_10.1 ;
    %pop/vec4 1;
    %pushi/vec4 0, 0, 1;
    %store/vec4 v000002acdb5e48f0_0, 0, 1;
    %fork TD_tb_sr04_controller.pulse_start_req, S_000002acdb5b2f20;
    %join;
T_10.2 ;
    %load/vec4 v000002acdb65bc70_0;
    %pushi/vec4 1, 0, 1;
    %cmp/e;
    %flag_get/vec4 4;
    %cmpi/ne 1, 0, 1;
    %jmp/0xz T_10.3, 6;
    %wait E_000002acdb5dd890;
    %jmp T_10.2;
T_10.3 ;
T_10.4 ;
    %load/vec4 v000002acdb65bc70_0;
    %pushi/vec4 0, 0, 1;
    %cmp/e;
    %flag_get/vec4 4;
    %cmpi/ne 1, 0, 1;
    %jmp/0xz T_10.5, 6;
    %wait E_000002acdb5dd890;
    %jmp T_10.4;
T_10.5 ;
    %pushi/vec4 20, 0, 32;
    %store/vec4 v000002acdb5e40d0_0, 0, 32;
    %fork TD_tb_sr04_controller.wait_us, S_000002acdb607b10;
    %join;
    %pushi/vec4 580, 0, 32;
    %store/vec4 v000002acdb5e4850_0, 0, 32;
    %fork TD_tb_sr04_controller.send_echo_high_us, S_000002acdb607980;
    %join;
T_10.6 ;
    %load/vec4 v000002acdb65b770_0;
    %pushi/vec4 1, 0, 1;
    %cmp/e;
    %flag_get/vec4 4;
    %cmpi/ne 1, 0, 1;
    %jmp/0xz T_10.7, 6;
    %wait E_000002acdb5dd390;
    %jmp T_10.6;
T_10.7 ;
    %load/vec4 v000002acdb65af50_0;
    %pad/u 32;
    %cmpi/u 9, 0, 32;
    %jmp/1 T_10.10, 5;
    %flag_mov 8, 5;
    %load/vec4 v000002acdb65af50_0;
    %pad/u 32;
    %cmpi/u 11, 0, 32;
    %flag_or 5, 4; GT is !LE
    %flag_inv 5;
    %flag_or 5, 8;
T_10.10;
    %jmp/0xz  T_10.8, 5;
    %vpi_call/w 3 125 "$display", "sr04 distance out of expected range: %0d", v000002acdb65af50_0 {0 0 0};
    %vpi_call/w 3 126 "$finish" {0 0 0};
T_10.8 ;
    %pushi/vec4 20, 0, 32;
    %store/vec4 v000002acdb5e40d0_0, 0, 32;
    %fork TD_tb_sr04_controller.wait_us, S_000002acdb607b10;
    %join;
    %vpi_call/w 3 130 "$display", "tb_sr04_controller finished: oDistanceCm=%0d", v000002acdb65af50_0 {0 0 0};
    %vpi_call/w 3 131 "$finish" {0 0 0};
    %end;
    .thread T_10;
# The file index is used to find the file name in the following table.
:file_names 5;
    "N/A";
    "<interactive>";
    "-";
    "Sensor_Uart/tb/tb_sr04_controller.v";
    "Sensor_Uart/src/sr04_controller.v";
