#! /c/Source/iverilog-install/bin/vvp
:ivl_version "12.0 (devel)" "(s20150603-1539-g2693dd32b)";
:ivl_delay_selection "TYPICAL";
:vpi_time_precision - 12;
:vpi_module "C:\iverilog\lib\ivl\system.vpi";
:vpi_module "C:\iverilog\lib\ivl\vhdl_sys.vpi";
:vpi_module "C:\iverilog\lib\ivl\vhdl_textio.vpi";
:vpi_module "C:\iverilog\lib\ivl\v2005_math.vpi";
:vpi_module "C:\iverilog\lib\ivl\va_math.vpi";
:vpi_module "C:\iverilog\lib\ivl\v2009.vpi";
S_0000029127821360 .scope package, "$unit" "$unit" 2 1;
 .timescale 0 0;
S_0000029127821b10 .scope module, "tb_uart_ascii_sender" "tb_uart_ascii_sender" 3 19;
 .timescale -9 -12;
P_00000291278110f0 .param/l "EXP_TX_COUNT" 1 3 74, C4<00111000>;
v0000029127876ea0_0 .var/i "i", 31 0;
v0000029127876f40_0 .var "iClk", 0 0;
v000002912781b540_0 .var "iDhtDataValid", 0 0;
v0000029127878d00_0 .var "iDhtHumInt", 7 0;
v00000291278792a0_0 .var "iDhtTempInt", 7 0;
v0000029127879020_0 .var "iLoopData", 7 0;
v0000029127878440_0 .var "iLoopValid", 0 0;
v0000029127878da0_0 .var "iReqHumReport", 0 0;
v0000029127878e40_0 .var "iReqSr04Report", 0 0;
v0000029127878760_0 .var "iReqTempReport", 0 0;
v0000029127879a20_0 .var "iReqWatchReport", 0 0;
v0000029127878580_0 .var "iRst", 0 0;
v0000029127879700_0 .var "iSr04DistanceCm", 9 0;
v0000029127879520_0 .var "iSr04DistanceValid", 0 0;
v0000029127878800_0 .var "iTxFifoFull", 0 0;
v00000291278795c0_0 .var "iWatchHour", 6 0;
v00000291278798e0_0 .var "iWatchMin", 6 0;
v0000029127877e00_0 .var "iWatchSec", 6 0;
v0000029127877ea0_0 .net "oTxData", 7 0, v0000029127876900_0;  1 drivers
v0000029127879ca0_0 .net "oTxPushValid", 0 0, v0000029127875460_0;  1 drivers
v0000029127879b60_0 .var "tx_count", 7 0;
v0000029127878ee0 .array "tx_log", 255 0, 7 0;
E_0000029127811df0 .event anyedge, v0000029127879b60_0;
S_0000029127821ca0 .scope module, "dut" "uart_ascii_sender" 3 45, 4 19 0, S_0000029127821b10;
 .timescale -9 -12;
    .port_info 0 /INPUT 1 "iClk";
    .port_info 1 /INPUT 1 "iRst";
    .port_info 2 /INPUT 1 "iTxFifoFull";
    .port_info 3 /OUTPUT 8 "oTxData";
    .port_info 4 /OUTPUT 1 "oTxPushValid";
    .port_info 5 /INPUT 8 "iLoopData";
    .port_info 6 /INPUT 1 "iLoopValid";
    .port_info 7 /INPUT 1 "iReqWatchReport";
    .port_info 8 /INPUT 1 "iReqSr04Report";
    .port_info 9 /INPUT 1 "iReqTempReport";
    .port_info 10 /INPUT 1 "iReqHumReport";
    .port_info 11 /INPUT 7 "iWatchHour";
    .port_info 12 /INPUT 7 "iWatchMin";
    .port_info 13 /INPUT 7 "iWatchSec";
    .port_info 14 /INPUT 10 "iSr04DistanceCm";
    .port_info 15 /INPUT 1 "iSr04DistanceValid";
    .port_info 16 /INPUT 8 "iDhtHumInt";
    .port_info 17 /INPUT 8 "iDhtTempInt";
    .port_info 18 /INPUT 1 "iDhtDataValid";
P_0000029127792d20 .param/l "SRC_HUM" 1 4 55, C4<100>;
P_0000029127792d58 .param/l "SRC_LOOP" 1 4 51, C4<000>;
P_0000029127792d90 .param/l "SRC_SR04" 1 4 53, C4<010>;
P_0000029127792dc8 .param/l "SRC_TEMP" 1 4 54, C4<011>;
P_0000029127792e00 .param/l "SRC_WATCH" 1 4 52, C4<001>;
P_0000029127792e38 .param/l "ST_ASSERT" 1 4 49, C4<010>;
P_0000029127792e70 .param/l "ST_IDLE" 1 4 47, C4<000>;
P_0000029127792ea8 .param/l "ST_LOAD_DATA" 1 4 48, C4<001>;
v0000029127875f00_0 .net "iClk", 0 0, v0000029127876f40_0;  1 drivers
v0000029127875fa0_0 .net "iDhtDataValid", 0 0, v000002912781b540_0;  1 drivers
v0000029127876fe0_0 .net "iDhtHumInt", 7 0, v0000029127878d00_0;  1 drivers
v0000029127875500_0 .net "iDhtTempInt", 7 0, v00000291278792a0_0;  1 drivers
v0000029127875aa0_0 .net "iLoopData", 7 0, v0000029127879020_0;  1 drivers
v0000029127875be0_0 .net "iLoopValid", 0 0, v0000029127878440_0;  1 drivers
v0000029127876c20_0 .net "iReqHumReport", 0 0, v0000029127878da0_0;  1 drivers
v0000029127875d20_0 .net "iReqSr04Report", 0 0, v0000029127878e40_0;  1 drivers
v0000029127877080_0 .net "iReqTempReport", 0 0, v0000029127878760_0;  1 drivers
v0000029127876860_0 .net "iReqWatchReport", 0 0, v0000029127879a20_0;  1 drivers
v0000029127875b40_0 .net "iRst", 0 0, v0000029127878580_0;  1 drivers
v00000291278753c0_0 .net "iSr04DistanceCm", 9 0, v0000029127879700_0;  1 drivers
v00000291278755a0_0 .net "iSr04DistanceValid", 0 0, v0000029127879520_0;  1 drivers
v0000029127876220_0 .net "iTxFifoFull", 0 0, v0000029127878800_0;  1 drivers
v00000291278765e0_0 .net "iWatchHour", 6 0, v00000291278795c0_0;  1 drivers
v00000291278769a0_0 .net "iWatchMin", 6 0, v00000291278798e0_0;  1 drivers
v0000029127876a40_0 .net "iWatchSec", 6 0, v0000029127877e00_0;  1 drivers
v0000029127876900_0 .var "oTxData", 7 0;
v0000029127875460_0 .var "oTxPushValid", 0 0;
v0000029127875dc0_0 .var "rActiveSrc", 2 0;
v0000029127875e60_0 .var "rCharIdx", 5 0;
v0000029127875640_0 .var "rCurState", 2 0;
v00000291278760e0_0 .var "rHumPending", 0 0;
v00000291278758c0_0 .var "rLastIdx", 5 0;
v00000291278764a0_0 .var "rLoopBuf", 7 0;
v0000029127876040_0 .var "rLoopPending", 0 0;
v00000291278756e0_0 .var "rNxtState", 2 0;
v0000029127877120_0 .var "rSnapDhtHum", 7 0;
v0000029127876d60_0 .var "rSnapDhtTemp", 7 0;
v0000029127876cc0_0 .var "rSnapDhtValid", 0 0;
v0000029127875280_0 .var "rSnapHour", 6 0;
v00000291278762c0_0 .var "rSnapMin", 6 0;
v0000029127876ae0_0 .var "rSnapSec", 6 0;
v0000029127875820_0 .var "rSnapSr04Cm", 9 0;
v0000029127875320_0 .var "rSnapSr04Valid", 0 0;
v0000029127875960_0 .var "rSr04Pending", 0 0;
v0000029127876680_0 .var "rTempPending", 0 0;
v0000029127876e00_0 .var "rWatchPending", 0 0;
E_0000029127811bf0 .event posedge, v0000029127875b40_0, v0000029127875f00_0;
E_0000029127811230/0 .event anyedge, v0000029127875640_0, v0000029127876040_0, v0000029127876e00_0, v0000029127875960_0;
E_0000029127811230/1 .event anyedge, v0000029127876680_0, v00000291278760e0_0, v0000029127876220_0, v0000029127875e60_0;
E_0000029127811230/2 .event anyedge, v00000291278758c0_0;
E_0000029127811230 .event/or E_0000029127811230/0, E_0000029127811230/1, E_0000029127811230/2;
S_00000291277f18c0 .scope function.vec4.s8, "f_ascii_digit" "f_ascii_digit" 4 79, 4 79 0, S_0000029127821ca0;
 .timescale -9 -12;
; Variable f_ascii_digit is vec4 return value of scope S_00000291277f18c0
v000002912781b0e0_0 .var "val", 3 0;
TD_tb_uart_ascii_sender.dut.f_ascii_digit ;
    %pushi/vec4 48, 0, 8;
    %load/vec4 v000002912781b0e0_0;
    %pad/u 8;
    %add;
    %ret/vec4 0, 0, 8;  Assign to f_ascii_digit (store_vec4_to_lval)
    %end;
S_00000291277bfc20 .scope function.vec4.s8, "f_hum_char" "f_hum_char" 4 174, 4 174 0, S_0000029127821ca0;
 .timescale -9 -12;
; Variable f_hum_char is vec4 return value of scope S_00000291277bfc20
v000002912781b5e0_0 .var "hum", 7 0;
v000002912781ba40_0 .var "idx", 5 0;
v000002912781b4a0_0 .var "o", 3 0;
v000002912781b040_0 .var "t", 3 0;
v000002912781bb80_0 .var "valid", 0 0;
TD_tb_uart_ascii_sender.dut.f_hum_char ;
    %load/vec4 v000002912781b5e0_0;
    %pad/u 32;
    %pushi/vec4 10, 0, 32;
    %div;
    %pushi/vec4 10, 0, 32;
    %mod;
    %pad/u 4;
    %store/vec4 v000002912781b040_0, 0, 4;
    %load/vec4 v000002912781b5e0_0;
    %pad/u 32;
    %pushi/vec4 10, 0, 32;
    %mod;
    %pad/u 4;
    %store/vec4 v000002912781b4a0_0, 0, 4;
    %load/vec4 v000002912781ba40_0;
    %dup/vec4;
    %pushi/vec4 0, 0, 6;
    %cmp/u;
    %jmp/1 T_1.0, 6;
    %dup/vec4;
    %pushi/vec4 1, 0, 6;
    %cmp/u;
    %jmp/1 T_1.1, 6;
    %dup/vec4;
    %pushi/vec4 2, 0, 6;
    %cmp/u;
    %jmp/1 T_1.2, 6;
    %dup/vec4;
    %pushi/vec4 3, 0, 6;
    %cmp/u;
    %jmp/1 T_1.3, 6;
    %dup/vec4;
    %pushi/vec4 4, 0, 6;
    %cmp/u;
    %jmp/1 T_1.4, 6;
    %dup/vec4;
    %pushi/vec4 5, 0, 6;
    %cmp/u;
    %jmp/1 T_1.5, 6;
    %dup/vec4;
    %pushi/vec4 6, 0, 6;
    %cmp/u;
    %jmp/1 T_1.6, 6;
    %dup/vec4;
    %pushi/vec4 7, 0, 6;
    %cmp/u;
    %jmp/1 T_1.7, 6;
    %dup/vec4;
    %pushi/vec4 8, 0, 6;
    %cmp/u;
    %jmp/1 T_1.8, 6;
    %dup/vec4;
    %pushi/vec4 9, 0, 6;
    %cmp/u;
    %jmp/1 T_1.9, 6;
    %dup/vec4;
    %pushi/vec4 10, 0, 6;
    %cmp/u;
    %jmp/1 T_1.10, 6;
    %pushi/vec4 32, 0, 8; draw_string_vec4
    %ret/vec4 0, 0, 8;  Assign to f_hum_char (store_vec4_to_lval)
    %jmp T_1.12;
T_1.0 ;
    %pushi/vec4 13, 0, 8;
    %ret/vec4 0, 0, 8;  Assign to f_hum_char (store_vec4_to_lval)
    %jmp T_1.12;
T_1.1 ;
    %pushi/vec4 10, 0, 8;
    %ret/vec4 0, 0, 8;  Assign to f_hum_char (store_vec4_to_lval)
    %jmp T_1.12;
T_1.2 ;
    %pushi/vec4 72, 0, 8; draw_string_vec4
    %ret/vec4 0, 0, 8;  Assign to f_hum_char (store_vec4_to_lval)
    %jmp T_1.12;
T_1.3 ;
    %pushi/vec4 85, 0, 8; draw_string_vec4
    %ret/vec4 0, 0, 8;  Assign to f_hum_char (store_vec4_to_lval)
    %jmp T_1.12;
T_1.4 ;
    %pushi/vec4 77, 0, 8; draw_string_vec4
    %ret/vec4 0, 0, 8;  Assign to f_hum_char (store_vec4_to_lval)
    %jmp T_1.12;
T_1.5 ;
    %pushi/vec4 32, 0, 8; draw_string_vec4
    %ret/vec4 0, 0, 8;  Assign to f_hum_char (store_vec4_to_lval)
    %jmp T_1.12;
T_1.6 ;
    %load/vec4 v000002912781bb80_0;
    %flag_set/vec4 8;
    %jmp/0 T_1.13, 8;
    %load/vec4 v000002912781b040_0;
    %store/vec4 v000002912781b0e0_0, 0, 4;
    %callf/vec4 TD_tb_uart_ascii_sender.dut.f_ascii_digit, S_00000291277f18c0;
    %jmp/1 T_1.14, 8;
T_1.13 ; End of true expr.
    %pushi/vec4 45, 0, 8; draw_string_vec4
    %jmp/0 T_1.14, 8;
 ; End of false expr.
    %blend;
T_1.14;
    %ret/vec4 0, 0, 8;  Assign to f_hum_char (store_vec4_to_lval)
    %jmp T_1.12;
T_1.7 ;
    %load/vec4 v000002912781bb80_0;
    %flag_set/vec4 8;
    %jmp/0 T_1.15, 8;
    %load/vec4 v000002912781b4a0_0;
    %store/vec4 v000002912781b0e0_0, 0, 4;
    %callf/vec4 TD_tb_uart_ascii_sender.dut.f_ascii_digit, S_00000291277f18c0;
    %jmp/1 T_1.16, 8;
T_1.15 ; End of true expr.
    %pushi/vec4 45, 0, 8; draw_string_vec4
    %jmp/0 T_1.16, 8;
 ; End of false expr.
    %blend;
T_1.16;
    %ret/vec4 0, 0, 8;  Assign to f_hum_char (store_vec4_to_lval)
    %jmp T_1.12;
T_1.8 ;
    %pushi/vec4 37, 0, 8; draw_string_vec4
    %ret/vec4 0, 0, 8;  Assign to f_hum_char (store_vec4_to_lval)
    %jmp T_1.12;
T_1.9 ;
    %pushi/vec4 13, 0, 8;
    %ret/vec4 0, 0, 8;  Assign to f_hum_char (store_vec4_to_lval)
    %jmp T_1.12;
T_1.10 ;
    %pushi/vec4 10, 0, 8;
    %ret/vec4 0, 0, 8;  Assign to f_hum_char (store_vec4_to_lval)
    %jmp T_1.12;
T_1.12 ;
    %pop/vec4 1;
    %end;
S_00000291277f1a50 .scope function.vec4.s8, "f_sr04_char" "f_sr04_char" 4 116, 4 116 0, S_0000029127821ca0;
 .timescale -9 -12;
v000002912781b680_0 .var "cm", 9 0;
; Variable f_sr04_char is vec4 return value of scope S_00000291277f1a50
v000002912781b2c0_0 .var "h", 3 0;
v000002912781bc20_0 .var "idx", 5 0;
v000002912781b180_0 .var "o", 3 0;
v000002912781b720_0 .var "t", 3 0;
v000002912781bd60_0 .var "valid", 0 0;
TD_tb_uart_ascii_sender.dut.f_sr04_char ;
    %load/vec4 v000002912781b680_0;
    %pad/u 32;
    %pushi/vec4 100, 0, 32;
    %div;
    %pushi/vec4 10, 0, 32;
    %mod;
    %pad/u 4;
    %store/vec4 v000002912781b2c0_0, 0, 4;
    %load/vec4 v000002912781b680_0;
    %pad/u 32;
    %pushi/vec4 10, 0, 32;
    %div;
    %pushi/vec4 10, 0, 32;
    %mod;
    %pad/u 4;
    %store/vec4 v000002912781b720_0, 0, 4;
    %load/vec4 v000002912781b680_0;
    %pad/u 32;
    %pushi/vec4 10, 0, 32;
    %mod;
    %pad/u 4;
    %store/vec4 v000002912781b180_0, 0, 4;
    %load/vec4 v000002912781bc20_0;
    %dup/vec4;
    %pushi/vec4 0, 0, 6;
    %cmp/u;
    %jmp/1 T_2.17, 6;
    %dup/vec4;
    %pushi/vec4 1, 0, 6;
    %cmp/u;
    %jmp/1 T_2.18, 6;
    %dup/vec4;
    %pushi/vec4 2, 0, 6;
    %cmp/u;
    %jmp/1 T_2.19, 6;
    %dup/vec4;
    %pushi/vec4 3, 0, 6;
    %cmp/u;
    %jmp/1 T_2.20, 6;
    %dup/vec4;
    %pushi/vec4 4, 0, 6;
    %cmp/u;
    %jmp/1 T_2.21, 6;
    %dup/vec4;
    %pushi/vec4 5, 0, 6;
    %cmp/u;
    %jmp/1 T_2.22, 6;
    %dup/vec4;
    %pushi/vec4 6, 0, 6;
    %cmp/u;
    %jmp/1 T_2.23, 6;
    %dup/vec4;
    %pushi/vec4 7, 0, 6;
    %cmp/u;
    %jmp/1 T_2.24, 6;
    %dup/vec4;
    %pushi/vec4 8, 0, 6;
    %cmp/u;
    %jmp/1 T_2.25, 6;
    %dup/vec4;
    %pushi/vec4 9, 0, 6;
    %cmp/u;
    %jmp/1 T_2.26, 6;
    %dup/vec4;
    %pushi/vec4 10, 0, 6;
    %cmp/u;
    %jmp/1 T_2.27, 6;
    %dup/vec4;
    %pushi/vec4 11, 0, 6;
    %cmp/u;
    %jmp/1 T_2.28, 6;
    %dup/vec4;
    %pushi/vec4 12, 0, 6;
    %cmp/u;
    %jmp/1 T_2.29, 6;
    %dup/vec4;
    %pushi/vec4 13, 0, 6;
    %cmp/u;
    %jmp/1 T_2.30, 6;
    %pushi/vec4 32, 0, 8; draw_string_vec4
    %ret/vec4 0, 0, 8;  Assign to f_sr04_char (store_vec4_to_lval)
    %jmp T_2.32;
T_2.17 ;
    %pushi/vec4 13, 0, 8;
    %ret/vec4 0, 0, 8;  Assign to f_sr04_char (store_vec4_to_lval)
    %jmp T_2.32;
T_2.18 ;
    %pushi/vec4 10, 0, 8;
    %ret/vec4 0, 0, 8;  Assign to f_sr04_char (store_vec4_to_lval)
    %jmp T_2.32;
T_2.19 ;
    %pushi/vec4 83, 0, 8; draw_string_vec4
    %ret/vec4 0, 0, 8;  Assign to f_sr04_char (store_vec4_to_lval)
    %jmp T_2.32;
T_2.20 ;
    %pushi/vec4 82, 0, 8; draw_string_vec4
    %ret/vec4 0, 0, 8;  Assign to f_sr04_char (store_vec4_to_lval)
    %jmp T_2.32;
T_2.21 ;
    %pushi/vec4 48, 0, 8; draw_string_vec4
    %ret/vec4 0, 0, 8;  Assign to f_sr04_char (store_vec4_to_lval)
    %jmp T_2.32;
T_2.22 ;
    %pushi/vec4 52, 0, 8; draw_string_vec4
    %ret/vec4 0, 0, 8;  Assign to f_sr04_char (store_vec4_to_lval)
    %jmp T_2.32;
T_2.23 ;
    %pushi/vec4 32, 0, 8; draw_string_vec4
    %ret/vec4 0, 0, 8;  Assign to f_sr04_char (store_vec4_to_lval)
    %jmp T_2.32;
T_2.24 ;
    %load/vec4 v000002912781bd60_0;
    %flag_set/vec4 8;
    %jmp/0 T_2.33, 8;
    %load/vec4 v000002912781b2c0_0;
    %store/vec4 v000002912781b0e0_0, 0, 4;
    %callf/vec4 TD_tb_uart_ascii_sender.dut.f_ascii_digit, S_00000291277f18c0;
    %jmp/1 T_2.34, 8;
T_2.33 ; End of true expr.
    %pushi/vec4 45, 0, 8; draw_string_vec4
    %jmp/0 T_2.34, 8;
 ; End of false expr.
    %blend;
T_2.34;
    %ret/vec4 0, 0, 8;  Assign to f_sr04_char (store_vec4_to_lval)
    %jmp T_2.32;
T_2.25 ;
    %load/vec4 v000002912781bd60_0;
    %flag_set/vec4 8;
    %jmp/0 T_2.35, 8;
    %load/vec4 v000002912781b720_0;
    %store/vec4 v000002912781b0e0_0, 0, 4;
    %callf/vec4 TD_tb_uart_ascii_sender.dut.f_ascii_digit, S_00000291277f18c0;
    %jmp/1 T_2.36, 8;
T_2.35 ; End of true expr.
    %pushi/vec4 45, 0, 8; draw_string_vec4
    %jmp/0 T_2.36, 8;
 ; End of false expr.
    %blend;
T_2.36;
    %ret/vec4 0, 0, 8;  Assign to f_sr04_char (store_vec4_to_lval)
    %jmp T_2.32;
T_2.26 ;
    %load/vec4 v000002912781bd60_0;
    %flag_set/vec4 8;
    %jmp/0 T_2.37, 8;
    %load/vec4 v000002912781b180_0;
    %store/vec4 v000002912781b0e0_0, 0, 4;
    %callf/vec4 TD_tb_uart_ascii_sender.dut.f_ascii_digit, S_00000291277f18c0;
    %jmp/1 T_2.38, 8;
T_2.37 ; End of true expr.
    %pushi/vec4 45, 0, 8; draw_string_vec4
    %jmp/0 T_2.38, 8;
 ; End of false expr.
    %blend;
T_2.38;
    %ret/vec4 0, 0, 8;  Assign to f_sr04_char (store_vec4_to_lval)
    %jmp T_2.32;
T_2.27 ;
    %pushi/vec4 99, 0, 8; draw_string_vec4
    %ret/vec4 0, 0, 8;  Assign to f_sr04_char (store_vec4_to_lval)
    %jmp T_2.32;
T_2.28 ;
    %pushi/vec4 109, 0, 8; draw_string_vec4
    %ret/vec4 0, 0, 8;  Assign to f_sr04_char (store_vec4_to_lval)
    %jmp T_2.32;
T_2.29 ;
    %pushi/vec4 13, 0, 8;
    %ret/vec4 0, 0, 8;  Assign to f_sr04_char (store_vec4_to_lval)
    %jmp T_2.32;
T_2.30 ;
    %pushi/vec4 10, 0, 8;
    %ret/vec4 0, 0, 8;  Assign to f_sr04_char (store_vec4_to_lval)
    %jmp T_2.32;
T_2.32 ;
    %pop/vec4 1;
    %end;
S_0000029127bc8090 .scope function.vec4.s8, "f_temp_char" "f_temp_char" 4 147, 4 147 0, S_0000029127821ca0;
 .timescale -9 -12;
; Variable f_temp_char is vec4 return value of scope S_0000029127bc8090
v000002912781b360_0 .var "idx", 5 0;
v000002912781bcc0_0 .var "o", 3 0;
v000002912781b7c0_0 .var "t", 3 0;
v000002912781be00_0 .var "temp", 7 0;
v000002912781bea0_0 .var "valid", 0 0;
TD_tb_uart_ascii_sender.dut.f_temp_char ;
    %load/vec4 v000002912781be00_0;
    %pad/u 32;
    %pushi/vec4 10, 0, 32;
    %div;
    %pushi/vec4 10, 0, 32;
    %mod;
    %pad/u 4;
    %store/vec4 v000002912781b7c0_0, 0, 4;
    %load/vec4 v000002912781be00_0;
    %pad/u 32;
    %pushi/vec4 10, 0, 32;
    %mod;
    %pad/u 4;
    %store/vec4 v000002912781bcc0_0, 0, 4;
    %load/vec4 v000002912781b360_0;
    %dup/vec4;
    %pushi/vec4 0, 0, 6;
    %cmp/u;
    %jmp/1 T_3.39, 6;
    %dup/vec4;
    %pushi/vec4 1, 0, 6;
    %cmp/u;
    %jmp/1 T_3.40, 6;
    %dup/vec4;
    %pushi/vec4 2, 0, 6;
    %cmp/u;
    %jmp/1 T_3.41, 6;
    %dup/vec4;
    %pushi/vec4 3, 0, 6;
    %cmp/u;
    %jmp/1 T_3.42, 6;
    %dup/vec4;
    %pushi/vec4 4, 0, 6;
    %cmp/u;
    %jmp/1 T_3.43, 6;
    %dup/vec4;
    %pushi/vec4 5, 0, 6;
    %cmp/u;
    %jmp/1 T_3.44, 6;
    %dup/vec4;
    %pushi/vec4 6, 0, 6;
    %cmp/u;
    %jmp/1 T_3.45, 6;
    %dup/vec4;
    %pushi/vec4 7, 0, 6;
    %cmp/u;
    %jmp/1 T_3.46, 6;
    %dup/vec4;
    %pushi/vec4 8, 0, 6;
    %cmp/u;
    %jmp/1 T_3.47, 6;
    %dup/vec4;
    %pushi/vec4 9, 0, 6;
    %cmp/u;
    %jmp/1 T_3.48, 6;
    %dup/vec4;
    %pushi/vec4 10, 0, 6;
    %cmp/u;
    %jmp/1 T_3.49, 6;
    %dup/vec4;
    %pushi/vec4 11, 0, 6;
    %cmp/u;
    %jmp/1 T_3.50, 6;
    %pushi/vec4 32, 0, 8; draw_string_vec4
    %ret/vec4 0, 0, 8;  Assign to f_temp_char (store_vec4_to_lval)
    %jmp T_3.52;
T_3.39 ;
    %pushi/vec4 13, 0, 8;
    %ret/vec4 0, 0, 8;  Assign to f_temp_char (store_vec4_to_lval)
    %jmp T_3.52;
T_3.40 ;
    %pushi/vec4 10, 0, 8;
    %ret/vec4 0, 0, 8;  Assign to f_temp_char (store_vec4_to_lval)
    %jmp T_3.52;
T_3.41 ;
    %pushi/vec4 84, 0, 8; draw_string_vec4
    %ret/vec4 0, 0, 8;  Assign to f_temp_char (store_vec4_to_lval)
    %jmp T_3.52;
T_3.42 ;
    %pushi/vec4 69, 0, 8; draw_string_vec4
    %ret/vec4 0, 0, 8;  Assign to f_temp_char (store_vec4_to_lval)
    %jmp T_3.52;
T_3.43 ;
    %pushi/vec4 77, 0, 8; draw_string_vec4
    %ret/vec4 0, 0, 8;  Assign to f_temp_char (store_vec4_to_lval)
    %jmp T_3.52;
T_3.44 ;
    %pushi/vec4 80, 0, 8; draw_string_vec4
    %ret/vec4 0, 0, 8;  Assign to f_temp_char (store_vec4_to_lval)
    %jmp T_3.52;
T_3.45 ;
    %pushi/vec4 32, 0, 8; draw_string_vec4
    %ret/vec4 0, 0, 8;  Assign to f_temp_char (store_vec4_to_lval)
    %jmp T_3.52;
T_3.46 ;
    %load/vec4 v000002912781bea0_0;
    %flag_set/vec4 8;
    %jmp/0 T_3.53, 8;
    %load/vec4 v000002912781b7c0_0;
    %store/vec4 v000002912781b0e0_0, 0, 4;
    %callf/vec4 TD_tb_uart_ascii_sender.dut.f_ascii_digit, S_00000291277f18c0;
    %jmp/1 T_3.54, 8;
T_3.53 ; End of true expr.
    %pushi/vec4 45, 0, 8; draw_string_vec4
    %jmp/0 T_3.54, 8;
 ; End of false expr.
    %blend;
T_3.54;
    %ret/vec4 0, 0, 8;  Assign to f_temp_char (store_vec4_to_lval)
    %jmp T_3.52;
T_3.47 ;
    %load/vec4 v000002912781bea0_0;
    %flag_set/vec4 8;
    %jmp/0 T_3.55, 8;
    %load/vec4 v000002912781bcc0_0;
    %store/vec4 v000002912781b0e0_0, 0, 4;
    %callf/vec4 TD_tb_uart_ascii_sender.dut.f_ascii_digit, S_00000291277f18c0;
    %jmp/1 T_3.56, 8;
T_3.55 ; End of true expr.
    %pushi/vec4 45, 0, 8; draw_string_vec4
    %jmp/0 T_3.56, 8;
 ; End of false expr.
    %blend;
T_3.56;
    %ret/vec4 0, 0, 8;  Assign to f_temp_char (store_vec4_to_lval)
    %jmp T_3.52;
T_3.48 ;
    %pushi/vec4 67, 0, 8; draw_string_vec4
    %ret/vec4 0, 0, 8;  Assign to f_temp_char (store_vec4_to_lval)
    %jmp T_3.52;
T_3.49 ;
    %pushi/vec4 13, 0, 8;
    %ret/vec4 0, 0, 8;  Assign to f_temp_char (store_vec4_to_lval)
    %jmp T_3.52;
T_3.50 ;
    %pushi/vec4 10, 0, 8;
    %ret/vec4 0, 0, 8;  Assign to f_temp_char (store_vec4_to_lval)
    %jmp T_3.52;
T_3.52 ;
    %pop/vec4 1;
    %end;
S_0000029127bc8220 .scope function.vec4.s8, "f_watch_char" "f_watch_char" 4 86, 4 86 0, S_0000029127821ca0;
 .timescale -9 -12;
; Variable f_watch_char is vec4 return value of scope S_0000029127bc8220
v0000029127876180_0 .var "hh", 6 0;
v0000029127875780_0 .var "idx", 5 0;
v0000029127876540_0 .var "mm", 6 0;
v0000029127876400_0 .var "ss", 6 0;
TD_tb_uart_ascii_sender.dut.f_watch_char ;
    %load/vec4 v0000029127875780_0;
    %dup/vec4;
    %pushi/vec4 0, 0, 6;
    %cmp/u;
    %jmp/1 T_4.57, 6;
    %dup/vec4;
    %pushi/vec4 1, 0, 6;
    %cmp/u;
    %jmp/1 T_4.58, 6;
    %dup/vec4;
    %pushi/vec4 2, 0, 6;
    %cmp/u;
    %jmp/1 T_4.59, 6;
    %dup/vec4;
    %pushi/vec4 3, 0, 6;
    %cmp/u;
    %jmp/1 T_4.60, 6;
    %dup/vec4;
    %pushi/vec4 4, 0, 6;
    %cmp/u;
    %jmp/1 T_4.61, 6;
    %dup/vec4;
    %pushi/vec4 5, 0, 6;
    %cmp/u;
    %jmp/1 T_4.62, 6;
    %dup/vec4;
    %pushi/vec4 6, 0, 6;
    %cmp/u;
    %jmp/1 T_4.63, 6;
    %dup/vec4;
    %pushi/vec4 7, 0, 6;
    %cmp/u;
    %jmp/1 T_4.64, 6;
    %dup/vec4;
    %pushi/vec4 8, 0, 6;
    %cmp/u;
    %jmp/1 T_4.65, 6;
    %dup/vec4;
    %pushi/vec4 9, 0, 6;
    %cmp/u;
    %jmp/1 T_4.66, 6;
    %dup/vec4;
    %pushi/vec4 10, 0, 6;
    %cmp/u;
    %jmp/1 T_4.67, 6;
    %dup/vec4;
    %pushi/vec4 11, 0, 6;
    %cmp/u;
    %jmp/1 T_4.68, 6;
    %dup/vec4;
    %pushi/vec4 12, 0, 6;
    %cmp/u;
    %jmp/1 T_4.69, 6;
    %dup/vec4;
    %pushi/vec4 13, 0, 6;
    %cmp/u;
    %jmp/1 T_4.70, 6;
    %dup/vec4;
    %pushi/vec4 14, 0, 6;
    %cmp/u;
    %jmp/1 T_4.71, 6;
    %dup/vec4;
    %pushi/vec4 15, 0, 6;
    %cmp/u;
    %jmp/1 T_4.72, 6;
    %dup/vec4;
    %pushi/vec4 16, 0, 6;
    %cmp/u;
    %jmp/1 T_4.73, 6;
    %dup/vec4;
    %pushi/vec4 17, 0, 6;
    %cmp/u;
    %jmp/1 T_4.74, 6;
    %pushi/vec4 32, 0, 8; draw_string_vec4
    %ret/vec4 0, 0, 8;  Assign to f_watch_char (store_vec4_to_lval)
    %jmp T_4.76;
T_4.57 ;
    %pushi/vec4 13, 0, 8;
    %ret/vec4 0, 0, 8;  Assign to f_watch_char (store_vec4_to_lval)
    %jmp T_4.76;
T_4.58 ;
    %pushi/vec4 10, 0, 8;
    %ret/vec4 0, 0, 8;  Assign to f_watch_char (store_vec4_to_lval)
    %jmp T_4.76;
T_4.59 ;
    %pushi/vec4 87, 0, 8; draw_string_vec4
    %ret/vec4 0, 0, 8;  Assign to f_watch_char (store_vec4_to_lval)
    %jmp T_4.76;
T_4.60 ;
    %pushi/vec4 65, 0, 8; draw_string_vec4
    %ret/vec4 0, 0, 8;  Assign to f_watch_char (store_vec4_to_lval)
    %jmp T_4.76;
T_4.61 ;
    %pushi/vec4 84, 0, 8; draw_string_vec4
    %ret/vec4 0, 0, 8;  Assign to f_watch_char (store_vec4_to_lval)
    %jmp T_4.76;
T_4.62 ;
    %pushi/vec4 67, 0, 8; draw_string_vec4
    %ret/vec4 0, 0, 8;  Assign to f_watch_char (store_vec4_to_lval)
    %jmp T_4.76;
T_4.63 ;
    %pushi/vec4 72, 0, 8; draw_string_vec4
    %ret/vec4 0, 0, 8;  Assign to f_watch_char (store_vec4_to_lval)
    %jmp T_4.76;
T_4.64 ;
    %pushi/vec4 32, 0, 8; draw_string_vec4
    %ret/vec4 0, 0, 8;  Assign to f_watch_char (store_vec4_to_lval)
    %jmp T_4.76;
T_4.65 ;
    %load/vec4 v0000029127876180_0;
    %pad/u 32;
    %pushi/vec4 10, 0, 32;
    %div;
    %pushi/vec4 10, 0, 32;
    %mod;
    %store/vec4 v000002912781b0e0_0, 0, 4;
    %callf/vec4 TD_tb_uart_ascii_sender.dut.f_ascii_digit, S_00000291277f18c0;
    %ret/vec4 0, 0, 8;  Assign to f_watch_char (store_vec4_to_lval)
    %jmp T_4.76;
T_4.66 ;
    %load/vec4 v0000029127876180_0;
    %pad/u 32;
    %pushi/vec4 10, 0, 32;
    %mod;
    %store/vec4 v000002912781b0e0_0, 0, 4;
    %callf/vec4 TD_tb_uart_ascii_sender.dut.f_ascii_digit, S_00000291277f18c0;
    %ret/vec4 0, 0, 8;  Assign to f_watch_char (store_vec4_to_lval)
    %jmp T_4.76;
T_4.67 ;
    %pushi/vec4 58, 0, 8; draw_string_vec4
    %ret/vec4 0, 0, 8;  Assign to f_watch_char (store_vec4_to_lval)
    %jmp T_4.76;
T_4.68 ;
    %load/vec4 v0000029127876540_0;
    %pad/u 32;
    %pushi/vec4 10, 0, 32;
    %div;
    %pushi/vec4 10, 0, 32;
    %mod;
    %store/vec4 v000002912781b0e0_0, 0, 4;
    %callf/vec4 TD_tb_uart_ascii_sender.dut.f_ascii_digit, S_00000291277f18c0;
    %ret/vec4 0, 0, 8;  Assign to f_watch_char (store_vec4_to_lval)
    %jmp T_4.76;
T_4.69 ;
    %load/vec4 v0000029127876540_0;
    %pad/u 32;
    %pushi/vec4 10, 0, 32;
    %mod;
    %store/vec4 v000002912781b0e0_0, 0, 4;
    %callf/vec4 TD_tb_uart_ascii_sender.dut.f_ascii_digit, S_00000291277f18c0;
    %ret/vec4 0, 0, 8;  Assign to f_watch_char (store_vec4_to_lval)
    %jmp T_4.76;
T_4.70 ;
    %pushi/vec4 58, 0, 8; draw_string_vec4
    %ret/vec4 0, 0, 8;  Assign to f_watch_char (store_vec4_to_lval)
    %jmp T_4.76;
T_4.71 ;
    %load/vec4 v0000029127876400_0;
    %pad/u 32;
    %pushi/vec4 10, 0, 32;
    %div;
    %pushi/vec4 10, 0, 32;
    %mod;
    %store/vec4 v000002912781b0e0_0, 0, 4;
    %callf/vec4 TD_tb_uart_ascii_sender.dut.f_ascii_digit, S_00000291277f18c0;
    %ret/vec4 0, 0, 8;  Assign to f_watch_char (store_vec4_to_lval)
    %jmp T_4.76;
T_4.72 ;
    %load/vec4 v0000029127876400_0;
    %pad/u 32;
    %pushi/vec4 10, 0, 32;
    %mod;
    %store/vec4 v000002912781b0e0_0, 0, 4;
    %callf/vec4 TD_tb_uart_ascii_sender.dut.f_ascii_digit, S_00000291277f18c0;
    %ret/vec4 0, 0, 8;  Assign to f_watch_char (store_vec4_to_lval)
    %jmp T_4.76;
T_4.73 ;
    %pushi/vec4 13, 0, 8;
    %ret/vec4 0, 0, 8;  Assign to f_watch_char (store_vec4_to_lval)
    %jmp T_4.76;
T_4.74 ;
    %pushi/vec4 10, 0, 8;
    %ret/vec4 0, 0, 8;  Assign to f_watch_char (store_vec4_to_lval)
    %jmp T_4.76;
T_4.76 ;
    %pop/vec4 1;
    %end;
S_0000029127877450 .scope task, "hold_fifo_full_and_check" "hold_fifo_full_and_check" 3 137, 3 137 0, S_0000029127821b10;
 .timescale -9 -12;
v0000029127876720_0 .var/i "hold_cycles", 31 0;
v0000029127875a00_0 .var/i "k", 31 0;
v00000291278767c0_0 .var "tx_count_before", 7 0;
E_00000291278116f0 .event negedge, v0000029127875f00_0;
E_00000291278113f0 .event posedge, v0000029127875f00_0;
TD_tb_uart_ascii_sender.hold_fifo_full_and_check ;
    %wait E_00000291278116f0;
    %pushi/vec4 1, 0, 1;
    %store/vec4 v0000029127878800_0, 0, 1;
    %load/vec4 v0000029127879b60_0;
    %store/vec4 v00000291278767c0_0, 0, 8;
    %pushi/vec4 0, 0, 32;
    %store/vec4 v0000029127875a00_0, 0, 32;
T_5.77 ;
    %load/vec4 v0000029127875a00_0;
    %load/vec4 v0000029127876720_0;
    %cmp/s;
    %jmp/0xz T_5.78, 5;
    %wait E_00000291278113f0;
    %delay 1000, 0;
    %load/vec4 v0000029127879ca0_0;
    %cmpi/ne 0, 0, 1;
    %jmp/0xz  T_5.79, 6;
    %vpi_call/w 3 149 "$display", "oTxPushValid asserted while iTxFifoFull=1 at k=%0d", v0000029127875a00_0 {0 0 0};
    %vpi_call/w 3 150 "$finish" {0 0 0};
T_5.79 ;
    %load/vec4 v0000029127879b60_0;
    %load/vec4 v00000291278767c0_0;
    %cmp/ne;
    %jmp/0xz  T_5.81, 6;
    %vpi_call/w 3 153 "$display", "tx_count changed while iTxFifoFull=1: before=%0d now=%0d", v00000291278767c0_0, v0000029127879b60_0 {0 0 0};
    %vpi_call/w 3 154 "$finish" {0 0 0};
T_5.81 ;
    %load/vec4 v0000029127875a00_0;
    %addi 1, 0, 32;
    %store/vec4 v0000029127875a00_0, 0, 32;
    %jmp T_5.77;
T_5.78 ;
    %wait E_00000291278116f0;
    %pushi/vec4 0, 0, 1;
    %store/vec4 v0000029127878800_0, 0, 1;
    %end;
S_00000291278775e0 .scope task, "pulse_hum_report" "pulse_hum_report" 3 128, 3 128 0, S_0000029127821b10;
 .timescale -9 -12;
TD_tb_uart_ascii_sender.pulse_hum_report ;
    %wait E_00000291278113f0;
    %pushi/vec4 1, 0, 1;
    %assign/vec4 v0000029127878da0_0, 0;
    %wait E_00000291278113f0;
    %pushi/vec4 0, 0, 1;
    %assign/vec4 v0000029127878da0_0, 0;
    %end;
S_0000029127877770 .scope task, "pulse_loop" "pulse_loop" 3 91, 3 91 0, S_0000029127821b10;
 .timescale -9 -12;
v0000029127876b80_0 .var "ch", 7 0;
TD_tb_uart_ascii_sender.pulse_loop ;
    %wait E_00000291278113f0;
    %load/vec4 v0000029127876b80_0;
    %assign/vec4 v0000029127879020_0, 0;
    %pushi/vec4 1, 0, 1;
    %assign/vec4 v0000029127878440_0, 0;
    %wait E_00000291278113f0;
    %pushi/vec4 0, 0, 1;
    %assign/vec4 v0000029127878440_0, 0;
    %end;
S_0000029127877900 .scope task, "pulse_sr04_report" "pulse_sr04_report" 3 110, 3 110 0, S_0000029127821b10;
 .timescale -9 -12;
TD_tb_uart_ascii_sender.pulse_sr04_report ;
    %wait E_00000291278113f0;
    %pushi/vec4 1, 0, 1;
    %assign/vec4 v0000029127878e40_0, 0;
    %wait E_00000291278113f0;
    %pushi/vec4 0, 0, 1;
    %assign/vec4 v0000029127878e40_0, 0;
    %end;
S_0000029127877a90 .scope task, "pulse_temp_report" "pulse_temp_report" 3 119, 3 119 0, S_0000029127821b10;
 .timescale -9 -12;
TD_tb_uart_ascii_sender.pulse_temp_report ;
    %wait E_00000291278113f0;
    %pushi/vec4 1, 0, 1;
    %assign/vec4 v0000029127878760_0, 0;
    %wait E_00000291278113f0;
    %pushi/vec4 0, 0, 1;
    %assign/vec4 v0000029127878760_0, 0;
    %end;
S_0000029127877c20 .scope task, "pulse_watch_report" "pulse_watch_report" 3 101, 3 101 0, S_0000029127821b10;
 .timescale -9 -12;
TD_tb_uart_ascii_sender.pulse_watch_report ;
    %wait E_00000291278113f0;
    %pushi/vec4 1, 0, 1;
    %assign/vec4 v0000029127879a20_0, 0;
    %wait E_00000291278113f0;
    %pushi/vec4 0, 0, 1;
    %assign/vec4 v0000029127879a20_0, 0;
    %end;
    .scope S_0000029127821ca0;
T_11 ;
    %wait E_0000029127811230;
    %load/vec4 v0000029127875640_0;
    %store/vec4 v00000291278756e0_0, 0, 3;
    %load/vec4 v0000029127875640_0;
    %dup/vec4;
    %pushi/vec4 0, 0, 3;
    %cmp/u;
    %jmp/1 T_11.0, 6;
    %dup/vec4;
    %pushi/vec4 1, 0, 3;
    %cmp/u;
    %jmp/1 T_11.1, 6;
    %dup/vec4;
    %pushi/vec4 2, 0, 3;
    %cmp/u;
    %jmp/1 T_11.2, 6;
    %pushi/vec4 0, 0, 3;
    %store/vec4 v00000291278756e0_0, 0, 3;
    %jmp T_11.4;
T_11.0 ;
    %load/vec4 v0000029127876040_0;
    %flag_set/vec4 8;
    %jmp/1 T_11.10, 8;
    %load/vec4 v0000029127876e00_0;
    %flag_set/vec4 9;
    %flag_or 8, 9;
T_11.10;
    %jmp/1 T_11.9, 8;
    %load/vec4 v0000029127875960_0;
    %flag_set/vec4 9;
    %flag_or 8, 9;
T_11.9;
    %jmp/1 T_11.8, 8;
    %load/vec4 v0000029127876680_0;
    %flag_set/vec4 9;
    %flag_or 8, 9;
T_11.8;
    %jmp/1 T_11.7, 8;
    %load/vec4 v00000291278760e0_0;
    %flag_set/vec4 9;
    %flag_or 8, 9;
T_11.7;
    %jmp/0xz  T_11.5, 8;
    %pushi/vec4 1, 0, 3;
    %store/vec4 v00000291278756e0_0, 0, 3;
    %jmp T_11.6;
T_11.5 ;
    %pushi/vec4 0, 0, 3;
    %store/vec4 v00000291278756e0_0, 0, 3;
T_11.6 ;
    %jmp T_11.4;
T_11.1 ;
    %pushi/vec4 2, 0, 3;
    %store/vec4 v00000291278756e0_0, 0, 3;
    %jmp T_11.4;
T_11.2 ;
    %load/vec4 v0000029127876220_0;
    %nor/r;
    %flag_set/vec4 8;
    %jmp/0xz  T_11.11, 8;
    %load/vec4 v0000029127875e60_0;
    %load/vec4 v00000291278758c0_0;
    %cmp/u;
    %jmp/0xz  T_11.13, 5;
    %pushi/vec4 1, 0, 3;
    %store/vec4 v00000291278756e0_0, 0, 3;
    %jmp T_11.14;
T_11.13 ;
    %pushi/vec4 0, 0, 3;
    %store/vec4 v00000291278756e0_0, 0, 3;
T_11.14 ;
    %jmp T_11.12;
T_11.11 ;
    %pushi/vec4 2, 0, 3;
    %store/vec4 v00000291278756e0_0, 0, 3;
T_11.12 ;
    %jmp T_11.4;
T_11.4 ;
    %pop/vec4 1;
    %jmp T_11;
    .thread T_11, $push;
    .scope S_0000029127821ca0;
T_12 ;
    %wait E_0000029127811bf0;
    %load/vec4 v0000029127875b40_0;
    %flag_set/vec4 8;
    %jmp/0xz  T_12.0, 8;
    %pushi/vec4 0, 0, 3;
    %assign/vec4 v0000029127875640_0, 0;
    %jmp T_12.1;
T_12.0 ;
    %load/vec4 v00000291278756e0_0;
    %assign/vec4 v0000029127875640_0, 0;
T_12.1 ;
    %jmp T_12;
    .thread T_12;
    .scope S_0000029127821ca0;
T_13 ;
    %wait E_0000029127811bf0;
    %load/vec4 v0000029127875b40_0;
    %flag_set/vec4 8;
    %jmp/0xz  T_13.0, 8;
    %pushi/vec4 0, 0, 3;
    %assign/vec4 v0000029127875dc0_0, 0;
    %pushi/vec4 0, 0, 6;
    %assign/vec4 v0000029127875e60_0, 0;
    %pushi/vec4 0, 0, 6;
    %assign/vec4 v00000291278758c0_0, 0;
    %pushi/vec4 0, 0, 1;
    %assign/vec4 v0000029127876040_0, 0;
    %pushi/vec4 0, 0, 8;
    %assign/vec4 v00000291278764a0_0, 0;
    %pushi/vec4 0, 0, 1;
    %assign/vec4 v0000029127876e00_0, 0;
    %pushi/vec4 0, 0, 1;
    %assign/vec4 v0000029127875960_0, 0;
    %pushi/vec4 0, 0, 1;
    %assign/vec4 v0000029127876680_0, 0;
    %pushi/vec4 0, 0, 1;
    %assign/vec4 v00000291278760e0_0, 0;
    %pushi/vec4 0, 0, 7;
    %assign/vec4 v0000029127875280_0, 0;
    %pushi/vec4 0, 0, 7;
    %assign/vec4 v00000291278762c0_0, 0;
    %pushi/vec4 0, 0, 7;
    %assign/vec4 v0000029127876ae0_0, 0;
    %pushi/vec4 0, 0, 10;
    %assign/vec4 v0000029127875820_0, 0;
    %pushi/vec4 0, 0, 1;
    %assign/vec4 v0000029127875320_0, 0;
    %pushi/vec4 0, 0, 8;
    %assign/vec4 v0000029127877120_0, 0;
    %pushi/vec4 0, 0, 8;
    %assign/vec4 v0000029127876d60_0, 0;
    %pushi/vec4 0, 0, 1;
    %assign/vec4 v0000029127876cc0_0, 0;
    %pushi/vec4 0, 0, 8;
    %assign/vec4 v0000029127876900_0, 0;
    %pushi/vec4 0, 0, 1;
    %assign/vec4 v0000029127875460_0, 0;
    %jmp T_13.1;
T_13.0 ;
    %pushi/vec4 0, 0, 1;
    %assign/vec4 v0000029127875460_0, 0;
    %load/vec4 v0000029127875be0_0;
    %flag_set/vec4 8;
    %jmp/0xz  T_13.2, 8;
    %pushi/vec4 1, 0, 1;
    %assign/vec4 v0000029127876040_0, 0;
    %load/vec4 v0000029127875aa0_0;
    %assign/vec4 v00000291278764a0_0, 0;
T_13.2 ;
    %load/vec4 v0000029127876860_0;
    %flag_set/vec4 8;
    %jmp/0xz  T_13.4, 8;
    %pushi/vec4 1, 0, 1;
    %assign/vec4 v0000029127876e00_0, 0;
T_13.4 ;
    %load/vec4 v0000029127875d20_0;
    %flag_set/vec4 8;
    %jmp/0xz  T_13.6, 8;
    %pushi/vec4 1, 0, 1;
    %assign/vec4 v0000029127875960_0, 0;
T_13.6 ;
    %load/vec4 v0000029127877080_0;
    %flag_set/vec4 8;
    %jmp/0xz  T_13.8, 8;
    %pushi/vec4 1, 0, 1;
    %assign/vec4 v0000029127876680_0, 0;
T_13.8 ;
    %load/vec4 v0000029127876c20_0;
    %flag_set/vec4 8;
    %jmp/0xz  T_13.10, 8;
    %pushi/vec4 1, 0, 1;
    %assign/vec4 v00000291278760e0_0, 0;
T_13.10 ;
    %load/vec4 v0000029127875640_0;
    %dup/vec4;
    %pushi/vec4 0, 0, 3;
    %cmp/u;
    %jmp/1 T_13.12, 6;
    %dup/vec4;
    %pushi/vec4 1, 0, 3;
    %cmp/u;
    %jmp/1 T_13.13, 6;
    %dup/vec4;
    %pushi/vec4 2, 0, 3;
    %cmp/u;
    %jmp/1 T_13.14, 6;
    %jmp T_13.16;
T_13.12 ;
    %load/vec4 v0000029127876040_0;
    %flag_set/vec4 8;
    %jmp/0xz  T_13.17, 8;
    %pushi/vec4 0, 0, 3;
    %assign/vec4 v0000029127875dc0_0, 0;
    %pushi/vec4 0, 0, 6;
    %assign/vec4 v0000029127875e60_0, 0;
    %pushi/vec4 0, 0, 6;
    %assign/vec4 v00000291278758c0_0, 0;
    %pushi/vec4 0, 0, 1;
    %assign/vec4 v0000029127876040_0, 0;
    %jmp T_13.18;
T_13.17 ;
    %load/vec4 v0000029127876e00_0;
    %flag_set/vec4 8;
    %jmp/0xz  T_13.19, 8;
    %pushi/vec4 1, 0, 3;
    %assign/vec4 v0000029127875dc0_0, 0;
    %pushi/vec4 0, 0, 6;
    %assign/vec4 v0000029127875e60_0, 0;
    %pushi/vec4 17, 0, 6;
    %assign/vec4 v00000291278758c0_0, 0;
    %pushi/vec4 0, 0, 1;
    %assign/vec4 v0000029127876e00_0, 0;
    %load/vec4 v00000291278765e0_0;
    %assign/vec4 v0000029127875280_0, 0;
    %load/vec4 v00000291278769a0_0;
    %assign/vec4 v00000291278762c0_0, 0;
    %load/vec4 v0000029127876a40_0;
    %assign/vec4 v0000029127876ae0_0, 0;
    %jmp T_13.20;
T_13.19 ;
    %load/vec4 v0000029127875960_0;
    %flag_set/vec4 8;
    %jmp/0xz  T_13.21, 8;
    %pushi/vec4 2, 0, 3;
    %assign/vec4 v0000029127875dc0_0, 0;
    %pushi/vec4 0, 0, 6;
    %assign/vec4 v0000029127875e60_0, 0;
    %pushi/vec4 13, 0, 6;
    %assign/vec4 v00000291278758c0_0, 0;
    %pushi/vec4 0, 0, 1;
    %assign/vec4 v0000029127875960_0, 0;
    %load/vec4 v00000291278753c0_0;
    %assign/vec4 v0000029127875820_0, 0;
    %load/vec4 v00000291278755a0_0;
    %assign/vec4 v0000029127875320_0, 0;
    %jmp T_13.22;
T_13.21 ;
    %load/vec4 v0000029127876680_0;
    %flag_set/vec4 8;
    %jmp/0xz  T_13.23, 8;
    %pushi/vec4 3, 0, 3;
    %assign/vec4 v0000029127875dc0_0, 0;
    %pushi/vec4 0, 0, 6;
    %assign/vec4 v0000029127875e60_0, 0;
    %pushi/vec4 11, 0, 6;
    %assign/vec4 v00000291278758c0_0, 0;
    %pushi/vec4 0, 0, 1;
    %assign/vec4 v0000029127876680_0, 0;
    %load/vec4 v0000029127875500_0;
    %assign/vec4 v0000029127876d60_0, 0;
    %load/vec4 v0000029127875fa0_0;
    %assign/vec4 v0000029127876cc0_0, 0;
    %jmp T_13.24;
T_13.23 ;
    %load/vec4 v00000291278760e0_0;
    %flag_set/vec4 8;
    %jmp/0xz  T_13.25, 8;
    %pushi/vec4 4, 0, 3;
    %assign/vec4 v0000029127875dc0_0, 0;
    %pushi/vec4 0, 0, 6;
    %assign/vec4 v0000029127875e60_0, 0;
    %pushi/vec4 10, 0, 6;
    %assign/vec4 v00000291278758c0_0, 0;
    %pushi/vec4 0, 0, 1;
    %assign/vec4 v00000291278760e0_0, 0;
    %load/vec4 v0000029127876fe0_0;
    %assign/vec4 v0000029127877120_0, 0;
    %load/vec4 v0000029127875fa0_0;
    %assign/vec4 v0000029127876cc0_0, 0;
T_13.25 ;
T_13.24 ;
T_13.22 ;
T_13.20 ;
T_13.18 ;
    %jmp T_13.16;
T_13.13 ;
    %load/vec4 v0000029127875dc0_0;
    %dup/vec4;
    %pushi/vec4 0, 0, 3;
    %cmp/u;
    %jmp/1 T_13.27, 6;
    %dup/vec4;
    %pushi/vec4 1, 0, 3;
    %cmp/u;
    %jmp/1 T_13.28, 6;
    %dup/vec4;
    %pushi/vec4 2, 0, 3;
    %cmp/u;
    %jmp/1 T_13.29, 6;
    %dup/vec4;
    %pushi/vec4 3, 0, 3;
    %cmp/u;
    %jmp/1 T_13.30, 6;
    %load/vec4 v0000029127875e60_0;
    %load/vec4 v0000029127877120_0;
    %load/vec4 v0000029127876cc0_0;
    %store/vec4 v000002912781bb80_0, 0, 1;
    %store/vec4 v000002912781b5e0_0, 0, 8;
    %store/vec4 v000002912781ba40_0, 0, 6;
    %callf/vec4 TD_tb_uart_ascii_sender.dut.f_hum_char, S_00000291277bfc20;
    %assign/vec4 v0000029127876900_0, 0;
    %jmp T_13.32;
T_13.27 ;
    %load/vec4 v00000291278764a0_0;
    %assign/vec4 v0000029127876900_0, 0;
    %jmp T_13.32;
T_13.28 ;
    %load/vec4 v0000029127875e60_0;
    %load/vec4 v0000029127875280_0;
    %load/vec4 v00000291278762c0_0;
    %load/vec4 v0000029127876ae0_0;
    %store/vec4 v0000029127876400_0, 0, 7;
    %store/vec4 v0000029127876540_0, 0, 7;
    %store/vec4 v0000029127876180_0, 0, 7;
    %store/vec4 v0000029127875780_0, 0, 6;
    %callf/vec4 TD_tb_uart_ascii_sender.dut.f_watch_char, S_0000029127bc8220;
    %assign/vec4 v0000029127876900_0, 0;
    %jmp T_13.32;
T_13.29 ;
    %load/vec4 v0000029127875e60_0;
    %load/vec4 v0000029127875820_0;
    %load/vec4 v0000029127875320_0;
    %store/vec4 v000002912781bd60_0, 0, 1;
    %store/vec4 v000002912781b680_0, 0, 10;
    %store/vec4 v000002912781bc20_0, 0, 6;
    %callf/vec4 TD_tb_uart_ascii_sender.dut.f_sr04_char, S_00000291277f1a50;
    %assign/vec4 v0000029127876900_0, 0;
    %jmp T_13.32;
T_13.30 ;
    %load/vec4 v0000029127875e60_0;
    %load/vec4 v0000029127876d60_0;
    %load/vec4 v0000029127876cc0_0;
    %store/vec4 v000002912781bea0_0, 0, 1;
    %store/vec4 v000002912781be00_0, 0, 8;
    %store/vec4 v000002912781b360_0, 0, 6;
    %callf/vec4 TD_tb_uart_ascii_sender.dut.f_temp_char, S_0000029127bc8090;
    %assign/vec4 v0000029127876900_0, 0;
    %jmp T_13.32;
T_13.32 ;
    %pop/vec4 1;
    %jmp T_13.16;
T_13.14 ;
    %load/vec4 v0000029127876220_0;
    %nor/r;
    %flag_set/vec4 8;
    %jmp/0xz  T_13.33, 8;
    %pushi/vec4 1, 0, 1;
    %assign/vec4 v0000029127875460_0, 0;
T_13.33 ;
    %load/vec4 v0000029127876220_0;
    %nor/r;
    %flag_set/vec4 9;
    %flag_get/vec4 9;
    %jmp/0 T_13.37, 9;
    %load/vec4 v0000029127875e60_0;
    %load/vec4 v00000291278758c0_0;
    %cmp/u;
    %flag_get/vec4 5;
    %and;
T_13.37;
    %flag_set/vec4 8;
    %jmp/0xz  T_13.35, 8;
    %load/vec4 v0000029127875e60_0;
    %addi 1, 0, 6;
    %assign/vec4 v0000029127875e60_0, 0;
T_13.35 ;
    %jmp T_13.16;
T_13.16 ;
    %pop/vec4 1;
T_13.1 ;
    %jmp T_13;
    .thread T_13;
    .scope S_0000029127821b10;
T_14 ;
    %delay 5000, 0;
    %load/vec4 v0000029127876f40_0;
    %inv;
    %store/vec4 v0000029127876f40_0, 0, 1;
    %jmp T_14;
    .thread T_14;
    .scope S_0000029127821b10;
T_15 ;
    %wait E_0000029127811bf0;
    %load/vec4 v0000029127878580_0;
    %flag_set/vec4 8;
    %jmp/0xz  T_15.0, 8;
    %pushi/vec4 0, 0, 8;
    %assign/vec4 v0000029127879b60_0, 0;
    %pushi/vec4 0, 0, 32;
    %store/vec4 v0000029127876ea0_0, 0, 32;
T_15.2 ;
    %load/vec4 v0000029127876ea0_0;
    %cmpi/s 256, 0, 32;
    %jmp/0xz T_15.3, 5;
    %pushi/vec4 0, 0, 8;
    %ix/getv/s 3, v0000029127876ea0_0;
    %ix/load 4, 0, 0; Constant delay
    %assign/vec4/a/d v0000029127878ee0, 0, 4;
    %load/vec4 v0000029127876ea0_0;
    %addi 1, 0, 32;
    %store/vec4 v0000029127876ea0_0, 0, 32;
    %jmp T_15.2;
T_15.3 ;
    %jmp T_15.1;
T_15.0 ;
    %load/vec4 v0000029127879ca0_0;
    %flag_set/vec4 8;
    %jmp/0xz  T_15.4, 8;
    %load/vec4 v0000029127877ea0_0;
    %load/vec4 v0000029127879b60_0;
    %pad/u 10;
    %ix/vec4 3;
    %ix/load 4, 0, 0; Constant delay
    %assign/vec4/a/d v0000029127878ee0, 0, 4;
    %load/vec4 v0000029127879b60_0;
    %addi 1, 0, 8;
    %assign/vec4 v0000029127879b60_0, 0;
T_15.4 ;
T_15.1 ;
    %jmp T_15;
    .thread T_15;
    .scope S_0000029127821b10;
T_16 ;
    %pushi/vec4 0, 0, 1;
    %store/vec4 v0000029127876f40_0, 0, 1;
    %pushi/vec4 1, 0, 1;
    %store/vec4 v0000029127878580_0, 0, 1;
    %pushi/vec4 0, 0, 1;
    %store/vec4 v0000029127878800_0, 0, 1;
    %pushi/vec4 0, 0, 8;
    %store/vec4 v0000029127879020_0, 0, 8;
    %pushi/vec4 0, 0, 1;
    %store/vec4 v0000029127878440_0, 0, 1;
    %pushi/vec4 0, 0, 1;
    %store/vec4 v0000029127879a20_0, 0, 1;
    %pushi/vec4 0, 0, 1;
    %store/vec4 v0000029127878e40_0, 0, 1;
    %pushi/vec4 0, 0, 1;
    %store/vec4 v0000029127878760_0, 0, 1;
    %pushi/vec4 0, 0, 1;
    %store/vec4 v0000029127878da0_0, 0, 1;
    %pushi/vec4 12, 0, 7;
    %store/vec4 v00000291278795c0_0, 0, 7;
    %pushi/vec4 34, 0, 7;
    %store/vec4 v00000291278798e0_0, 0, 7;
    %pushi/vec4 56, 0, 7;
    %store/vec4 v0000029127877e00_0, 0, 7;
    %pushi/vec4 123, 0, 10;
    %store/vec4 v0000029127879700_0, 0, 10;
    %pushi/vec4 1, 0, 1;
    %store/vec4 v0000029127879520_0, 0, 1;
    %pushi/vec4 44, 0, 8;
    %store/vec4 v0000029127878d00_0, 0, 8;
    %pushi/vec4 23, 0, 8;
    %store/vec4 v00000291278792a0_0, 0, 8;
    %pushi/vec4 1, 0, 1;
    %store/vec4 v000002912781b540_0, 0, 1;
    %pushi/vec4 5, 0, 32;
T_16.0 %dup/vec4;
    %pushi/vec4 0, 0, 32;
    %cmp/s;
    %jmp/1xz T_16.1, 5;
    %jmp/1 T_16.1, 4;
    %pushi/vec4 1, 0, 32;
    %sub;
    %wait E_00000291278113f0;
    %jmp T_16.0;
T_16.1 ;
    %pop/vec4 1;
    %pushi/vec4 0, 0, 1;
    %store/vec4 v0000029127878580_0, 0, 1;
    %pushi/vec4 65, 0, 8; draw_string_vec4
    %store/vec4 v0000029127876b80_0, 0, 8;
    %fork TD_tb_uart_ascii_sender.pulse_loop, S_0000029127877770;
    %join;
    %fork TD_tb_uart_ascii_sender.pulse_watch_report, S_0000029127877c20;
    %join;
    %fork TD_tb_uart_ascii_sender.pulse_sr04_report, S_0000029127877900;
    %join;
    %fork TD_tb_uart_ascii_sender.pulse_temp_report, S_0000029127877a90;
    %join;
    %fork TD_tb_uart_ascii_sender.pulse_hum_report, S_00000291278775e0;
    %join;
T_16.2 ;
    %pushi/vec4 5, 0, 8;
    %load/vec4 v0000029127879b60_0;
    %cmp/u;
    %flag_get/vec4 4;
    %flag_get/vec4 5;
    %or;
    %cmpi/ne 1, 0, 1;
    %jmp/0xz T_16.3, 6;
    %wait E_0000029127811df0;
    %jmp T_16.2;
T_16.3 ;
    %pushi/vec4 40, 0, 32;
    %store/vec4 v0000029127876720_0, 0, 32;
    %fork TD_tb_uart_ascii_sender.hold_fifo_full_and_check, S_0000029127877450;
    %join;
T_16.4 ;
    %load/vec4 v0000029127879b60_0;
    %pushi/vec4 56, 0, 8;
    %cmp/e;
    %flag_get/vec4 4;
    %cmpi/ne 1, 0, 1;
    %jmp/0xz T_16.5, 6;
    %wait E_0000029127811df0;
    %jmp T_16.4;
T_16.5 ;
    %pushi/vec4 10, 0, 32;
T_16.6 %dup/vec4;
    %pushi/vec4 0, 0, 32;
    %cmp/s;
    %jmp/1xz T_16.7, 5;
    %jmp/1 T_16.7, 4;
    %pushi/vec4 1, 0, 32;
    %sub;
    %wait E_00000291278113f0;
    %jmp T_16.6;
T_16.7 ;
    %pop/vec4 1;
    %vpi_call/w 3 206 "$display", "tb_uart_ascii_sender finished: tx_count=%0d", v0000029127879b60_0 {0 0 0};
    %pushi/vec4 0, 0, 32;
    %store/vec4 v0000029127876ea0_0, 0, 32;
T_16.8 ;
    %load/vec4 v0000029127876ea0_0;
    %load/vec4 v0000029127879b60_0;
    %pad/u 32;
    %cmp/u;
    %jmp/0xz T_16.9, 5;
    %ix/getv/s 4, v0000029127876ea0_0;
    %load/vec4a v0000029127878ee0, 4;
    %cmpi/e 13, 0, 8;
    %jmp/0xz  T_16.10, 4;
    %vpi_call/w 3 209 "$display", "tx_log[%0d] = 0x%02h (CR)", v0000029127876ea0_0, &A<v0000029127878ee0, v0000029127876ea0_0 > {0 0 0};
    %jmp T_16.11;
T_16.10 ;
    %ix/getv/s 4, v0000029127876ea0_0;
    %load/vec4a v0000029127878ee0, 4;
    %cmpi/e 10, 0, 8;
    %jmp/0xz  T_16.12, 4;
    %vpi_call/w 3 211 "$display", "tx_log[%0d] = 0x%02h (LF)", v0000029127876ea0_0, &A<v0000029127878ee0, v0000029127876ea0_0 > {0 0 0};
    %jmp T_16.13;
T_16.12 ;
    %ix/getv/s 4, v0000029127876ea0_0;
    %load/vec4a v0000029127878ee0, 4;
    %cmpi/u 32, 0, 8;
    %flag_inv 5; GE is !LT
    %flag_get/vec4 5;
    %jmp/0 T_16.16, 5;
    %ix/getv/s 4, v0000029127876ea0_0;
    %load/vec4a v0000029127878ee0, 4;
    %cmpi/u 126, 0, 8;
    %flag_get/vec4 4;
    %flag_get/vec4 5;
    %or;
    %and;
T_16.16;
    %flag_set/vec4 8;
    %jmp/0xz  T_16.14, 8;
    %vpi_call/w 3 213 "$display", "tx_log[%0d] = 0x%02h (%c)", v0000029127876ea0_0, &A<v0000029127878ee0, v0000029127876ea0_0 >, &A<v0000029127878ee0, v0000029127876ea0_0 > {0 0 0};
    %jmp T_16.15;
T_16.14 ;
    %vpi_call/w 3 215 "$display", "tx_log[%0d] = 0x%02h (.)", v0000029127876ea0_0, &A<v0000029127878ee0, v0000029127876ea0_0 > {0 0 0};
T_16.15 ;
T_16.13 ;
T_16.11 ;
    %load/vec4 v0000029127876ea0_0;
    %addi 1, 0, 32;
    %store/vec4 v0000029127876ea0_0, 0, 32;
    %jmp T_16.8;
T_16.9 ;
    %vpi_call/w 3 218 "$finish" {0 0 0};
    %end;
    .thread T_16;
# The file index is used to find the file name in the following table.
:file_names 5;
    "N/A";
    "<interactive>";
    "-";
    "Sensor_Uart/tb/tb_uart_ascii_sender.v";
    "Sensor_Uart/src/uart_ascii_sender.v";
